This file contains any messages produced by compilers while
running configure, to aid debugging if configure makes a mistake.

It was created by exp_test configure 0.43, which was
generated by GNU Autoconf 2.69.  Invocation command line was

  $ ./configure --disable-option-checking --prefix=/Users/billswartz7/version1/itools/tcl/tcl8.6 -enable-shared --disable-threads --with-tcl=/Users/billswartz7/version1/itools/lib/tcl/src --with-tclinclude=/Users/billswartz7/version1/itools/include/tcl CC=gcc  --cache-file=/dev/null --srcdir=.

## --------- ##
## Platform. ##
## --------- ##

hostname = Mac5.local
uname -m = x86_64
uname -r = 20.6.0
uname -s = Darwin
uname -v = Darwin Kernel Version 20.6.0: Wed Jun 23 00:26:31 PDT 2021; root:xnu-7195.141.2~5/RELEASE_X86_64

/usr/bin/uname -p = i386
/bin/uname -X     = unknown

/bin/arch              = unknown
/usr/bin/arch -k       = unknown
/usr/convex/getsysinfo = unknown
/usr/bin/hostinfo      = Mach kernel version:
	 Darwin Kernel Version 20.6.0: Wed Jun 23 00:26:31 PDT 2021; root:xnu-7195.141.2~5/RELEASE_X86_64
Kernel configured for up to 16 processors.
8 processors are physically available.
16 processors are logically available.
Processor type: x86_64h (Intel x86-64h Haswell)
Processors active: 0 1 2 3 4 5 6 7 8 9 10 11 12 13 14 15
Primary memory available: 64.00 gigabytes
Default processor set: 430 tasks, 1739 threads, 16 processors
Load average: 2.25, Mach factor: 13.74
/bin/machine           = unknown
/usr/bin/oslevel       = unknown
/bin/universe          = unknown

PATH: /Users/billswartz7/version1/itools/lib/Darwin/python/bin
PATH: /Users/billswartz7/version1/itools/bin/Darwin
PATH: /Users/billswartz7/version1/itools/bin
PATH: .
PATH: /Users/billswartz7/classes/valgrind/bin
PATH: /Users/billswartz7/bin
PATH: /Users/billswartz7/bin/Darwin
PATH: /Users/billswartz7/xcircuit/bin
PATH: /usr/local/bin
PATH: /bin
PATH: /usr/bin
PATH: /opt/X11/bin
PATH: /Users/billswartz7/Droid/android-sdk-mac_x86/platform-tools


## ----------- ##
## Core tests. ##
## ----------- ##

configure:2136: checking for correct TEA configuration
configure:2149: result: ok (TEA 3.9)
configure:2216: configuring exp_test 0.43
configure:2285: checking for Tcl configuration
configure:2408: result: found /Users/billswartz7/version1/itools/lib/tcl/src/tclConfig.sh
configure:2414: checking for existence of /Users/billswartz7/version1/itools/lib/tcl/src/tclConfig.sh
configure:2418: result: loading
configure:2540: checking for a BSD-compatible install
configure:2608: result: /usr/bin/install -c
configure:2677: checking for gcc
configure:2704: result: gcc 
configure:2933: checking for C compiler version
configure:2942: gcc  --version >&5
Apple clang version 12.0.5 (clang-1205.0.22.11)
Target: x86_64-apple-darwin20.6.0
Thread model: posix
InstalledDir: /Applications/Xcode.app/Contents/Developer/Toolchains/XcodeDefault.xctoolchain/usr/bin
Configured with: --prefix=/Applications/Xcode.app/Contents/Developer/usr --with-gxx-include-dir=/Applications/Xcode.app/Contents/Developer/Platforms/MacOSX.platform/Developer/SDKs/MacOSX.sdk/usr/include/c++/4.2.1
configure:2953: $? = 0
configure:2942: gcc  -v >&5
Configured with: --prefix=/Applications/Xcode.app/Contents/Developer/usr --with-gxx-include-dir=/Applications/Xcode.app/Contents/Developer/Platforms/MacOSX.platform/Developer/SDKs/MacOSX.sdk/usr/include/c++/4.2.1
Apple clang version 12.0.5 (clang-1205.0.22.11)
Target: x86_64-apple-darwin20.6.0
Thread model: posix
InstalledDir: /Applications/Xcode.app/Contents/Developer/Toolchains/XcodeDefault.xctoolchain/usr/bin
configure:2953: $? = 0
configure:2942: gcc  -V >&5
clang: error: argument to '-V' is missing (expected 1 value)
clang: error: no input files
configure:2953: $? = 1
configure:2942: gcc  -qversion >&5
clang: error: unknown argument '-qversion'; did you mean '--version'?
clang: error: no input files
configure:2953: $? = 1
configure:2973: checking whether the C compiler works
configure:2995: gcc     conftest.c  >&5
configure:2999: $? = 0
configure:3047: result: yes
configure:3050: checking for C compiler default output file name
configure:3052: result: a.out
configure:3058: checking for suffix of executables
configure:3065: gcc  -o conftest    conftest.c  >&5
configure:3069: $? = 0
configure:3091: result: 
configure:3113: checking whether we are cross compiling
configure:3121: gcc  -o conftest    conftest.c  >&5
configure:3125: $? = 0
configure:3132: ./conftest
configure:3136: $? = 0
configure:3151: result: no
configure:3156: checking for suffix of object files
configure:3178: gcc  -c   conftest.c >&5
configure:3182: $? = 0
configure:3203: result: o
configure:3207: checking whether we are using the GNU C compiler
configure:3226: gcc  -c   conftest.c >&5
configure:3226: $? = 0
configure:3235: result: yes
configure:3244: checking whether gcc  accepts -g
configure:3264: gcc  -c -g  conftest.c >&5
configure:3264: $? = 0
configure:3305: result: yes
configure:3322: checking for gcc  option to accept ISO C89
configure:3385: gcc   -c   conftest.c >&5
configure:3385: $? = 0
configure:3398: result: none needed
configure:3423: checking how to run the C preprocessor
configure:3454: gcc  -E  conftest.c
configure:3454: $? = 0
configure:3468: gcc  -E  conftest.c
conftest.c:10:10: fatal error: 'ac_nonexistent.h' file not found
#include <ac_nonexistent.h>
         ^~~~~~~~~~~~~~~~~~
1 error generated.
configure:3468: $? = 1
configure: failed program was:
| /* confdefs.h */
| #define PACKAGE_NAME "exp_test"
| #define PACKAGE_TARNAME "exp_test"
| #define PACKAGE_VERSION "0.43"
| #define PACKAGE_STRING "exp_test 0.43"
| #define PACKAGE_BUGREPORT ""
| #define PACKAGE_URL ""
| #define BUILD_exp_test /**/
| /* end confdefs.h.  */
| #include <ac_nonexistent.h>
configure:3493: result: gcc  -E
configure:3513: gcc  -E  conftest.c
configure:3513: $? = 0
configure:3527: gcc  -E  conftest.c
conftest.c:10:10: fatal error: 'ac_nonexistent.h' file not found
#include <ac_nonexistent.h>
         ^~~~~~~~~~~~~~~~~~
1 error generated.
configure:3527: $? = 1
configure: failed program was:
| /* confdefs.h */
| #define PACKAGE_NAME "exp_test"
| #define PACKAGE_TARNAME "exp_test"
| #define PACKAGE_VERSION "0.43"
| #define PACKAGE_STRING "exp_test 0.43"
| #define PACKAGE_BUGREPORT ""
| #define PACKAGE_URL ""
| #define BUILD_exp_test /**/
| /* end confdefs.h.  */
| #include <ac_nonexistent.h>
configure:3562: checking whether make sets $(MAKE)
configure:3584: result: yes
configure:3641: checking for ranlib
configure:3657: found /usr/bin/ranlib
configure:3668: result: ranlib
configure:3700: checking for grep that handles long lines and -e
configure:3758: result: /usr/bin/grep
configure:3763: checking for egrep
configure:3825: result: /usr/bin/grep -E
configure:3830: checking for ANSI C header files
configure:3850: gcc  -c   conftest.c >&5
configure:3850: $? = 0
configure:3923: gcc  -o conftest    conftest.c  >&5
configure:3923: $? = 0
configure:3923: ./conftest
configure:3923: $? = 0
configure:3934: result: yes
configure:3947: checking for sys/types.h
configure:3947: gcc  -c   conftest.c >&5
configure:3947: $? = 0
configure:3947: result: yes
configure:3947: checking for sys/stat.h
configure:3947: gcc  -c   conftest.c >&5
configure:3947: $? = 0
configure:3947: result: yes
configure:3947: checking for stdlib.h
configure:3947: gcc  -c   conftest.c >&5
configure:3947: $? = 0
configure:3947: result: yes
configure:3947: checking for string.h
configure:3947: gcc  -c   conftest.c >&5
configure:3947: $? = 0
configure:3947: result: yes
configure:3947: checking for memory.h
configure:3947: gcc  -c   conftest.c >&5
configure:3947: $? = 0
configure:3947: result: yes
configure:3947: checking for strings.h
configure:3947: gcc  -c   conftest.c >&5
configure:3947: $? = 0
configure:3947: result: yes
configure:3947: checking for inttypes.h
configure:3947: gcc  -c   conftest.c >&5
configure:3947: $? = 0
configure:3947: result: yes
configure:3947: checking for stdint.h
configure:3947: gcc  -c   conftest.c >&5
configure:3947: $? = 0
configure:3947: result: yes
configure:3947: checking for unistd.h
configure:3947: gcc  -c   conftest.c >&5
configure:3947: $? = 0
configure:3947: result: yes
configure:3969: checking if the compiler understands -pipe
configure:3987: gcc  -c  -pipe  conftest.c >&5
configure:3987: $? = 0
configure:3995: result: yes
configure:4006: checking whether byte ordering is bigendian
configure:4021: gcc  -c  -pipe  conftest.c >&5
configure:4021: $? = 0
configure:4066: gcc  -c  -pipe  conftest.c >&5
configure:4066: $? = 0
configure:4084: gcc  -c  -pipe  conftest.c >&5
conftest.c:27:4: error: use of undeclared identifier 'not'
                 not big endian
                 ^
1 error generated.
configure:4084: $? = 1
configure: failed program was:
| /* confdefs.h */
| #define PACKAGE_NAME "exp_test"
| #define PACKAGE_TARNAME "exp_test"
| #define PACKAGE_VERSION "0.43"
| #define PACKAGE_STRING "exp_test 0.43"
| #define PACKAGE_BUGREPORT ""
| #define PACKAGE_URL ""
| #define BUILD_exp_test /**/
| #define STDC_HEADERS 1
| #define HAVE_SYS_TYPES_H 1
| #define HAVE_SYS_STAT_H 1
| #define HAVE_STDLIB_H 1
| #define HAVE_STRING_H 1
| #define HAVE_MEMORY_H 1
| #define HAVE_STRINGS_H 1
| #define HAVE_INTTYPES_H 1
| #define HAVE_STDINT_H 1
| #define HAVE_UNISTD_H 1
| /* end confdefs.h.  */
| #include <sys/types.h>
| 		#include <sys/param.h>
| 
| int
| main ()
| {
| #if BYTE_ORDER != BIG_ENDIAN
| 		 not big endian
| 		#endif
| 
|   ;
|   return 0;
| }
configure:4212: result: no
configure:4239: checking for sin
configure:4239: gcc  -o conftest  -pipe   conftest.c  >&5
conftest.c:43:6: warning: incompatible redeclaration of library function 'sin' [-Wincompatible-library-redeclaration]
char sin ();
     ^
conftest.c:43:6: note: 'sin' is a builtin with type 'double (double)'
1 warning generated.
configure:4239: $? = 0
configure:4239: result: yes
configure:4246: checking for main in -lieee
configure:4265: gcc  -o conftest  -pipe   conftest.c -lieee   >&5
ld: library not found for -lieee
clang: error: linker command failed with exit code 1 (use -v to see invocation)
configure:4265: $? = 1
configure: failed program was:
| /* confdefs.h */
| #define PACKAGE_NAME "exp_test"
| #define PACKAGE_TARNAME "exp_test"
| #define PACKAGE_VERSION "0.43"
| #define PACKAGE_STRING "exp_test 0.43"
| #define PACKAGE_BUGREPORT ""
| #define PACKAGE_URL ""
| #define BUILD_exp_test /**/
| #define STDC_HEADERS 1
| #define HAVE_SYS_TYPES_H 1
| #define HAVE_SYS_STAT_H 1
| #define HAVE_STDLIB_H 1
| #define HAVE_STRING_H 1
| #define HAVE_MEMORY_H 1
| #define HAVE_STRINGS_H 1
| #define HAVE_INTTYPES_H 1
| #define HAVE_STDINT_H 1
| #define HAVE_UNISTD_H 1
| /* end confdefs.h.  */
| 
| 
| int
| main ()
| {
| return main ();
|   ;
|   return 0;
| }
configure:4274: result: no
configure:4286: checking for main in -linet
configure:4305: gcc  -o conftest  -pipe   conftest.c -linet   >&5
ld: library not found for -linet
clang: error: linker command failed with exit code 1 (use -v to see invocation)
configure:4305: $? = 1
configure: failed program was:
| /* confdefs.h */
| #define PACKAGE_NAME "exp_test"
| #define PACKAGE_TARNAME "exp_test"
| #define PACKAGE_VERSION "0.43"
| #define PACKAGE_STRING "exp_test 0.43"
| #define PACKAGE_BUGREPORT ""
| #define PACKAGE_URL ""
| #define BUILD_exp_test /**/
| #define STDC_HEADERS 1
| #define HAVE_SYS_TYPES_H 1
| #define HAVE_SYS_STAT_H 1
| #define HAVE_STDLIB_H 1
| #define HAVE_STRING_H 1
| #define HAVE_MEMORY_H 1
| #define HAVE_STRINGS_H 1
| #define HAVE_INTTYPES_H 1
| #define HAVE_STDINT_H 1
| #define HAVE_UNISTD_H 1
| /* end confdefs.h.  */
| 
| 
| int
| main ()
| {
| return main ();
|   ;
|   return 0;
| }
configure:4314: result: no
configure:4320: checking net/errno.h usability
configure:4320: gcc  -c  -pipe  conftest.c >&5
conftest.c:53:10: fatal error: 'net/errno.h' file not found
#include <net/errno.h>
         ^~~~~~~~~~~~~
1 error generated.
configure:4320: $? = 1
configure: failed program was:
| /* confdefs.h */
| #define PACKAGE_NAME "exp_test"
| #define PACKAGE_TARNAME "exp_test"
| #define PACKAGE_VERSION "0.43"
| #define PACKAGE_STRING "exp_test 0.43"
| #define PACKAGE_BUGREPORT ""
| #define PACKAGE_URL ""
| #define BUILD_exp_test /**/
| #define STDC_HEADERS 1
| #define HAVE_SYS_TYPES_H 1
| #define HAVE_SYS_STAT_H 1
| #define HAVE_STDLIB_H 1
| #define HAVE_STRING_H 1
| #define HAVE_MEMORY_H 1
| #define HAVE_STRINGS_H 1
| #define HAVE_INTTYPES_H 1
| #define HAVE_STDINT_H 1
| #define HAVE_UNISTD_H 1
| /* end confdefs.h.  */
| #include <stdio.h>
| #ifdef HAVE_SYS_TYPES_H
| # include <sys/types.h>
| #endif
| #ifdef HAVE_SYS_STAT_H
| # include <sys/stat.h>
| #endif
| #ifdef STDC_HEADERS
| # include <stdlib.h>
| # include <stddef.h>
| #else
| # ifdef HAVE_STDLIB_H
| #  include <stdlib.h>
| # endif
| #endif
| #ifdef HAVE_STRING_H
| # if !defined STDC_HEADERS && defined HAVE_MEMORY_H
| #  include <memory.h>
| # endif
| # include <string.h>
| #endif
| #ifdef HAVE_STRINGS_H
| # include <strings.h>
| #endif
| #ifdef HAVE_INTTYPES_H
| # include <inttypes.h>
| #endif
| #ifdef HAVE_STDINT_H
| # include <stdint.h>
| #endif
| #ifdef HAVE_UNISTD_H
| # include <unistd.h>
| #endif
| #include <net/errno.h>
configure:4320: result: no
configure:4320: checking net/errno.h presence
configure:4320: gcc  -E  conftest.c
conftest.c:20:10: fatal error: 'net/errno.h' file not found
#include <net/errno.h>
         ^~~~~~~~~~~~~
1 error generated.
configure:4320: $? = 1
configure: failed program was:
| /* confdefs.h */
| #define PACKAGE_NAME "exp_test"
| #define PACKAGE_TARNAME "exp_test"
| #define PACKAGE_VERSION "0.43"
| #define PACKAGE_STRING "exp_test 0.43"
| #define PACKAGE_BUGREPORT ""
| #define PACKAGE_URL ""
| #define BUILD_exp_test /**/
| #define STDC_HEADERS 1
| #define HAVE_SYS_TYPES_H 1
| #define HAVE_SYS_STAT_H 1
| #define HAVE_STDLIB_H 1
| #define HAVE_STRING_H 1
| #define HAVE_MEMORY_H 1
| #define HAVE_STRINGS_H 1
| #define HAVE_INTTYPES_H 1
| #define HAVE_STDINT_H 1
| #define HAVE_UNISTD_H 1
| /* end confdefs.h.  */
| #include <net/errno.h>
configure:4320: result: no
configure:4320: checking for net/errno.h
configure:4320: result: no
configure:4349: checking for connect
configure:4349: gcc  -o conftest  -pipe   conftest.c  >&5
configure:4349: $? = 0
configure:4349: result: yes
configure:4417: checking for gethostbyname
configure:4417: gcc  -o conftest  -pipe   conftest.c  >&5
configure:4417: $? = 0
configure:4417: result: yes
configure:4472: checking dirent.h
configure:4508: gcc  -o conftest  -pipe   conftest.c  >&5
configure:4508: $? = 0
configure:4516: result: yes
configure:4526: checking errno.h usability
configure:4526: gcc  -c  -pipe  conftest.c >&5
configure:4526: $? = 0
configure:4526: result: yes
configure:4526: checking errno.h presence
configure:4526: gcc  -E  conftest.c
configure:4526: $? = 0
configure:4526: result: yes
configure:4526: checking for errno.h
configure:4526: result: yes
configure:4536: checking float.h usability
configure:4536: gcc  -c  -pipe  conftest.c >&5
configure:4536: $? = 0
configure:4536: result: yes
configure:4536: checking float.h presence
configure:4536: gcc  -E  conftest.c
configure:4536: $? = 0
configure:4536: result: yes
configure:4536: checking for float.h
configure:4536: result: yes
configure:4546: checking values.h usability
configure:4546: gcc  -c  -pipe  conftest.c >&5
conftest.c:53:10: fatal error: 'values.h' file not found
#include <values.h>
         ^~~~~~~~~~
1 error generated.
configure:4546: $? = 1
configure: failed program was:
| /* confdefs.h */
| #define PACKAGE_NAME "exp_test"
| #define PACKAGE_TARNAME "exp_test"
| #define PACKAGE_VERSION "0.43"
| #define PACKAGE_STRING "exp_test 0.43"
| #define PACKAGE_BUGREPORT ""
| #define PACKAGE_URL ""
| #define BUILD_exp_test /**/
| #define STDC_HEADERS 1
| #define HAVE_SYS_TYPES_H 1
| #define HAVE_SYS_STAT_H 1
| #define HAVE_STDLIB_H 1
| #define HAVE_STRING_H 1
| #define HAVE_MEMORY_H 1
| #define HAVE_STRINGS_H 1
| #define HAVE_INTTYPES_H 1
| #define HAVE_STDINT_H 1
| #define HAVE_UNISTD_H 1
| /* end confdefs.h.  */
| #include <stdio.h>
| #ifdef HAVE_SYS_TYPES_H
| # include <sys/types.h>
| #endif
| #ifdef HAVE_SYS_STAT_H
| # include <sys/stat.h>
| #endif
| #ifdef STDC_HEADERS
| # include <stdlib.h>
| # include <stddef.h>
| #else
| # ifdef HAVE_STDLIB_H
| #  include <stdlib.h>
| # endif
| #endif
| #ifdef HAVE_STRING_H
| # if !defined STDC_HEADERS && defined HAVE_MEMORY_H
| #  include <memory.h>
| # endif
| # include <string.h>
| #endif
| #ifdef HAVE_STRINGS_H
| # include <strings.h>
| #endif
| #ifdef HAVE_INTTYPES_H
| # include <inttypes.h>
| #endif
| #ifdef HAVE_STDINT_H
| # include <stdint.h>
| #endif
| #ifdef HAVE_UNISTD_H
| # include <unistd.h>
| #endif
| #include <values.h>
configure:4546: result: no
configure:4546: checking values.h presence
configure:4546: gcc  -E  conftest.c
conftest.c:20:10: fatal error: 'values.h' file not found
#include <values.h>
         ^~~~~~~~~~
1 error generated.
configure:4546: $? = 1
configure: failed program was:
| /* confdefs.h */
| #define PACKAGE_NAME "exp_test"
| #define PACKAGE_TARNAME "exp_test"
| #define PACKAGE_VERSION "0.43"
| #define PACKAGE_STRING "exp_test 0.43"
| #define PACKAGE_BUGREPORT ""
| #define PACKAGE_URL ""
| #define BUILD_exp_test /**/
| #define STDC_HEADERS 1
| #define HAVE_SYS_TYPES_H 1
| #define HAVE_SYS_STAT_H 1
| #define HAVE_STDLIB_H 1
| #define HAVE_STRING_H 1
| #define HAVE_MEMORY_H 1
| #define HAVE_STRINGS_H 1
| #define HAVE_INTTYPES_H 1
| #define HAVE_STDINT_H 1
| #define HAVE_UNISTD_H 1
| /* end confdefs.h.  */
| #include <values.h>
configure:4546: result: no
configure:4546: checking for values.h
configure:4546: result: no
configure:4556: checking limits.h usability
configure:4556: gcc  -c  -pipe  conftest.c >&5
configure:4556: $? = 0
configure:4556: result: yes
configure:4556: checking limits.h presence
configure:4556: gcc  -E  conftest.c
configure:4556: $? = 0
configure:4556: result: yes
configure:4556: checking for limits.h
configure:4556: result: yes
configure:4568: checking for stdlib.h
configure:4568: result: yes
configure:4620: checking for string.h
configure:4620: result: yes
configure:4664: checking sys/wait.h usability
configure:4664: gcc  -c  -pipe  conftest.c >&5
configure:4664: $? = 0
configure:4664: result: yes
configure:4664: checking sys/wait.h presence
configure:4664: gcc  -E  conftest.c
configure:4664: $? = 0
configure:4664: result: yes
configure:4664: checking for sys/wait.h
configure:4664: result: yes
configure:4674: checking dlfcn.h usability
configure:4674: gcc  -c  -pipe  conftest.c >&5
configure:4674: $? = 0
configure:4674: result: yes
configure:4674: checking dlfcn.h presence
configure:4674: gcc  -E  conftest.c
configure:4674: $? = 0
configure:4674: result: yes
configure:4674: checking for dlfcn.h
configure:4674: result: yes
configure:4688: checking sys/param.h usability
configure:4688: gcc  -c  -pipe  conftest.c >&5
configure:4688: $? = 0
configure:4688: result: yes
configure:4688: checking sys/param.h presence
configure:4688: gcc  -E  conftest.c
configure:4688: $? = 0
configure:4688: result: yes
configure:4688: checking for sys/param.h
configure:4688: result: yes
configure:4860: creating ./config.status

## ---------------------- ##
## Running config.status. ##
## ---------------------- ##

This file was extended by exp_test config.status 0.43, which was
generated by GNU Autoconf 2.69.  Invocation command line was

  CONFIG_FILES    = 
  CONFIG_HEADERS  = 
  CONFIG_LINKS    = 
  CONFIG_COMMANDS = 
  $ ./config.status 

on Mac5.local

config.status:768: creating Makefile

## ---------------- ##
## Cache variables. ##
## ---------------- ##

ac_cv_c_bigendian=no
ac_cv_c_compiler_gnu=yes
ac_cv_c_tclconfig=/Users/billswartz7/version1/itools/lib/tcl/src
ac_cv_env_CC_set=set
ac_cv_env_CC_value='gcc '
ac_cv_env_CFLAGS_set=
ac_cv_env_CFLAGS_value=
ac_cv_env_CPPFLAGS_set=
ac_cv_env_CPPFLAGS_value=
ac_cv_env_CPP_set=
ac_cv_env_CPP_value=
ac_cv_env_LDFLAGS_set=
ac_cv_env_LDFLAGS_value=
ac_cv_env_LIBS_set=
ac_cv_env_LIBS_value=
ac_cv_env_build_alias_set=
ac_cv_env_build_alias_value=
ac_cv_env_host_alias_set=
ac_cv_env_host_alias_value=
ac_cv_env_target_alias_set=
ac_cv_env_target_alias_value=
ac_cv_func_connect=yes
ac_cv_func_gethostbyname=yes
ac_cv_func_sin=yes
ac_cv_header_dlfcn_h=yes
ac_cv_header_errno_h=yes
ac_cv_header_float_h=yes
ac_cv_header_inttypes_h=yes
ac_cv_header_limits_h=yes
ac_cv_header_memory_h=yes
ac_cv_header_net_errno_h=no
ac_cv_header_stdc=yes
ac_cv_header_stdint_h=yes
ac_cv_header_stdlib_h=yes
ac_cv_header_string_h=yes
ac_cv_header_strings_h=yes
ac_cv_header_sys_param_h=yes
ac_cv_header_sys_stat_h=yes
ac_cv_header_sys_types_h=yes
ac_cv_header_sys_wait_h=yes
ac_cv_header_unistd_h=yes
ac_cv_header_values_h=no
ac_cv_lib_ieee_main=no
ac_cv_lib_inet_main=no
ac_cv_objext=o
ac_cv_path_EGREP='/usr/bin/grep -E'
ac_cv_path_GREP=/usr/bin/grep
ac_cv_path_install='/usr/bin/install -c'
ac_cv_prog_CPP='gcc  -E'
ac_cv_prog_ac_ct_CC='gcc '
ac_cv_prog_ac_ct_RANLIB=ranlib
ac_cv_prog_cc_c89=
ac_cv_prog_cc_g=yes
ac_cv_prog_make_make_set=yes
tcl_cv_cc_pipe=yes
tcl_cv_dirent_h=yes

## ----------------- ##
## Output variables. ##
## ----------------- ##

CC='gcc '
CFLAGS=' -pipe'
CLEANFILES=''
CPP='gcc  -E'
CPPFLAGS=''
CYGPATH='echo'
DEFS='-DPACKAGE_NAME=\"exp_test\" -DPACKAGE_TARNAME=\"exp_test\" -DPACKAGE_VERSION=\"0.43\" -DPACKAGE_STRING=\"exp_test\ 0.43\" -DPACKAGE_BUGREPORT=\"\" -DPACKAGE_URL=\"\" -DBUILD_exp_test=/\*\*/ -DSTDC_HEADERS=1 -DHAVE_SYS_TYPES_H=1 -DHAVE_SYS_STAT_H=1 -DHAVE_STDLIB_H=1 -DHAVE_STRING_H=1 -DHAVE_MEMORY_H=1 -DHAVE_STRINGS_H=1 -DHAVE_INTTYPES_H=1 -DHAVE_STDINT_H=1 -DHAVE_UNISTD_H=1 -DNO_VALUES_H=1 -DHAVE_LIMITS_H=1 -DHAVE_SYS_PARAM_H=1'
ECHO_C='\c'
ECHO_N=''
ECHO_T=''
EGREP='/usr/bin/grep -E'
EXEEXT=''
GREP='/usr/bin/grep'
INSTALL_DATA='${INSTALL} -m 644'
INSTALL_PROGRAM='${INSTALL}'
INSTALL_SCRIPT='${INSTALL}'
LDFLAGS=''
LIBOBJS=''
LIBS=''
LTLIBOBJS=''
MATH_LIBS=''
OBJEXT='o'
PACKAGE_BUGREPORT=''
PACKAGE_NAME='exp_test'
PACKAGE_STRING='exp_test 0.43'
PACKAGE_TARNAME='exp_test'
PACKAGE_URL=''
PACKAGE_VERSION='0.43'
PATH_SEPARATOR=':'
PKG_CFLAGS=''
PKG_HEADERS=''
PKG_INCLUDES=''
PKG_LIBS=''
PKG_LIB_FILE=''
PKG_STUB_LIB_FILE=''
PKG_STUB_OBJECTS=''
PKG_STUB_SOURCES=''
PKG_TCL_SOURCES=''
RANLIB='ranlib'
SET_MAKE=''
SHELL='/bin/sh'
TCL_BIN_DIR='/Users/billswartz7/version1/itools/lib/tcl/src'
TCL_DEFS='-DPACKAGE_NAME=\"tcl\" -DPACKAGE_TARNAME=\"tcl\" -DPACKAGE_VERSION=\"8.6\" -DPACKAGE_STRING=\"tcl\ 8.6\" -DPACKAGE_BUGREPORT=\"\" -DPACKAGE_URL=\"\" -DSTDC_HEADERS=1 -DHAVE_SYS_TYPES_H=1 -DHAVE_SYS_STAT_H=1 -DHAVE_STDLIB_H=1 -DHAVE_STRING_H=1 -DHAVE_MEMORY_H=1 -DHAVE_STRINGS_H=1 -DHAVE_INTTYPES_H=1 -DHAVE_STDINT_H=1 -DHAVE_UNISTD_H=1 -DNO_VALUES_H=1 -DHAVE_SYS_PARAM_H=1 -DTCL_CFGVAL_ENCODING=\"iso8859-1\" -DHAVE_ZLIB=1 -DMODULE_SCOPE=extern\ __attribute__\(\(__visibility__\(\"hidden\"\)\)\) -DHAVE_HIDDEN=1 -DHAVE_CAST_TO_UNION=1 -DTCL_SHLIB_EXT=\".dylib\" -DNDEBUG=1 -DTCL_CFG_OPTIMIZED=1 -DTCL_TOMMATH=1 -DMP_PREC=4 -DTCL_WIDE_INT_IS_LONG=1 -DHAVE_GETCWD=1 -DHAVE_MKSTEMP=1 -DHAVE_OPENDIR=1 -DHAVE_STRTOL=1 -DHAVE_WAITPID=1 -DHAVE_GETNAMEINFO=1 -DHAVE_GETADDRINFO=1 -DHAVE_FREEADDRINFO=1 -DHAVE_GAI_STRERROR=1 -DHAVE_STRUCT_ADDRINFO=1 -DHAVE_STRUCT_IN6_ADDR=1 -DHAVE_STRUCT_SOCKADDR_IN6=1 -DHAVE_STRUCT_SOCKADDR_STORAGE=1 -DHAVE_TERMIOS_H=1 -DHAVE_SYS_IOCTL_H=1 -DHAVE_SYS_TIME_H=1 -DTIME_WITH_SYS_TIME=1 -DHAVE_GMTIME_R=1 -DHAVE_LOCALTIME_R=1 -DHAVE_MKTIME=1 -DHAVE_TM_GMTOFF=1 -DHAVE_STRUCT_STAT_ST_BLOCKS=1 -DHAVE_STRUCT_STAT_ST_BLKSIZE=1 -DHAVE_BLKCNT_T=1 -DHAVE_INTPTR_T=1 -DHAVE_UINTPTR_T=1 -DHAVE_SIGNED_CHAR=1 -DHAVE_PUTENV_THAT_COPIES=1 -DHAVE_LANGINFO=1 -DHAVE_CHFLAGS=1 -DHAVE_MKSTEMPS=1 -DHAVE_GETATTRLIST=1 -DHAVE_COPYFILE_H=1 -DHAVE_COPYFILE=1 -DUSE_VFORK=1 -DTCL_DEFAULT_ENCODING=\"utf-8\" -DTCL_LOAD_FROM_MEMORY=1 -DTCL_WIDE_CLICKS=1 -DHAVE_AVAILABILITYMACROS_H=1 -DHAVE_WEAK_IMPORT=1 -D_DARWIN_C_SOURCE=1 -DHAVE_FTS=1 -DHAVE_SYS_IOCTL_H=1 -DHAVE_SYS_FILIO_H=1 -DTCL_UNLOAD_DLLS=1 -DHAVE_CPUID=1'
TCL_EXTRA_CFLAGS='-pipe   '
TCL_LD_FLAGS=' -headerpad_max_install_names -Wl,-search_paths_first '
TCL_LIBS='${DL_LIBS} ${LIBS} ${MATH_LIBS}'
TCL_LIB_FILE='libtcl8.6.dylib'
TCL_LIB_FLAG='-ltcl8.6'
TCL_LIB_SPEC='-L/Users/billswartz7/version1/itools/tcl/tcl8.6/lib -ltcl8.6'
TCL_PATCH_LEVEL='.9'
TCL_SHLIB_LD_LIBS='${LIBS}'
TCL_SRC_DIR='/Users/billswartz7/version1/itools/lib/tcl'
TCL_STUB_LIB_FILE='libtclstub8.6.a'
TCL_STUB_LIB_FLAG='-ltclstub8.6'
TCL_STUB_LIB_SPEC='-L/Users/billswartz7/version1/itools/tcl/tcl8.6/lib -ltclstub8.6'
TCL_VERSION='8.6'
ac_ct_CC='gcc '
bindir='${exec_prefix}/bin'
build_alias=''
datadir='${datarootdir}'
datarootdir='${prefix}/share'
docdir='${datarootdir}/doc/${PACKAGE_TARNAME}'
dvidir='${docdir}'
exec_prefix='/Users/billswartz7/version1/itools/tcl/tcl8.6'
host=''
host_alias=''
htmldir='${docdir}'
includedir='${prefix}/include'
infodir='${datarootdir}/info'
libdir='${exec_prefix}/lib'
libexecdir='${exec_prefix}/libexec'
localedir='${datarootdir}/locale'
localstatedir='${prefix}/var'
mandir='${datarootdir}/man'
oldincludedir='/usr/include'
pdfdir='${docdir}'
prefix='/Users/billswartz7/version1/itools/tcl/tcl8.6'
program_transform_name='s,x,x,'
psdir='${docdir}'
runstatedir='${localstatedir}/run'
sbindir='${exec_prefix}/sbin'
sharedstatedir='${prefix}/com'
sysconfdir='${prefix}/etc'
target_alias=''

## ----------- ##
## confdefs.h. ##
## ----------- ##

/* confdefs.h */
#define PACKAGE_NAME "exp_test"
#define PACKAGE_TARNAME "exp_test"
#define PACKAGE_VERSION "0.43"
#define PACKAGE_STRING "exp_test 0.43"
#define PACKAGE_BUGREPORT ""
#define PACKAGE_URL ""
#define BUILD_exp_test /**/
#define STDC_HEADERS 1
#define HAVE_SYS_TYPES_H 1
#define HAVE_SYS_STAT_H 1
#define HAVE_STDLIB_H 1
#define HAVE_STRING_H 1
#define HAVE_MEMORY_H 1
#define HAVE_STRINGS_H 1
#define HAVE_INTTYPES_H 1
#define HAVE_STDINT_H 1
#define HAVE_UNISTD_H 1
#define NO_VALUES_H 1
#define HAVE_LIMITS_H 1
#define HAVE_SYS_PARAM_H 1

configure: exit 0
